<?xml version="1.0" encoding="UTF-8"?>
<testsuite xmlns:xsi="http://www.w3.org/2001/XMLSchema-instance" xsi:noNamespaceSchemaLocation="https://maven.apache.org/surefire/maven-surefire-plugin/xsd/surefire-test-report-3.0.xsd" version="3.0" name="com.minispring.test.ApiTest" time="0.043" tests="2" errors="0" skipped="0" failures="0">
  <properties>
[...]
</properties>
  <testcase name="testBeanFactory" classname="com.minispring.test.ApiTest" time="0.041">
    <system-out><![CDATA[创建Bean实例: userDao, 构造参数: 0
开始解析构造函数: userDao, 构造函数数量: 1
尝试自动装配构造函数: public com.minispring.test.bean.UserDaoImpl()
成功解析构造函数参数: []
将Bean[userDao]提前曝光到三级缓存
创建并缓存单例Bean: userDao
创建Bean实例: userService, 构造参数: 0
开始解析构造函数: userService, 构造函数数量: 1
尝试自动装配构造函数: public com.minispring.test.bean.UserService()
成功解析构造函数参数: []
将Bean[userService]提前曝光到三级缓存
执行UserService初始化方法
执行Bean[userService]的自定义初始化方法：init
创建并缓存单例Bean: userService
测试结果：北京市
]]></system-out>
  </testcase>
  <testcase name="testPropertyValues" classname="com.minispring.test.ApiTest" time="0.001"/>
</testsuite>